<?xml version="1.0" encoding="UTF-8"?>
<!-- Generated by org.testng.reporters.JUnitXMLReporter -->
<testsuite hostname="Manikant-QA" name="Default test" tests="5" failures="0" timestamp="26 Nov 2019 04:34:51 GMT" time="29.85" errors="0">
  <testcase name="HomeScreen" time="1.336" classname="com.testapplitools.testapplitools.TraditonalTests"/>
  <testcase name="Test1" time="16.236" classname="com.testapplitools.testapplitools.TraditonalTests"/>
  <testcase name="TableTest" time="0.781" classname="com.testapplitools.testapplitools.TraditonalTests"/>
  <testcase name="CanvasChartTest" time="1.446" classname="com.testapplitools.testapplitools.TraditonalTests"/>
  <testcase name="DynamicContentTest" time="2.863" classname="com.testapplitools.testapplitools.TraditonalTests"/>
</testsuite> <!-- Default test -->
